* installing *source* package ‘densify’ ...
** using staged installation
** R
** data
*** moving datasets to lazyload DB
** byte-compile and prepare package for lazy loading
trying URL 'https://cdstar.eva.mpg.de//bitstreams/EAEA0-B701-6328-C3E3-0/glottolog_languoid.csv.zip'
Content type 'application/zip' length 578779 bytes (565 KB)
==================================================
downloaded 565 KB

trying URL 'https://zenodo.org/record/7385533/files/cldf-datasets/wals-v2020.3.zip'
Content type 'application/octet-stream' length 12623100 bytes (12.0 MB)
==================================================
downloaded 12.0 MB

** help
*** installing help indices
** building package indices
** testing if installed package can be loaded from temporary location
** testing if installed package can be loaded from final location
** testing if installed package keeps a record of temporary installation path
* DONE (densify)
